LOG:  database system was shut down at 2017-10-15 18:09:05 +08
LOG:  MultiXact member wraparound protections are now enabled
LOG:  database system is ready to accept connections
LOG:  autovacuum launcher started
LOG:  statement: DROP INDEX IF EXISTS book_date;
LOG:  duration: 0.397 ms
LOG:  statement: DROP INDEX IF EXISTS article_date;
LOG:  duration: 0.042 ms
LOG:  statement: DROP INDEX IF EXISTS incollection_date;
LOG:  duration: 0.067 ms
LOG:  statement: DROP INDEX IF EXISTS masters_thesis_date;
LOG:  duration: 0.085 ms
LOG:  statement: DROP INDEX IF EXISTS phd_thesis_date;
LOG:  duration: 0.070 ms
LOG:  statement: DROP INDEX IF EXISTS proceedings_date;
LOG:  duration: 0.068 ms
LOG:  statement: DROP INDEX IF EXISTS inproceedings_date;
LOG:  duration: 0.043 ms
LOG:  statement: DROP INDEX IF EXISTS proceedings_conference;
LOG:  duration: 0.051 ms
LOG:  statement: DROP INDEX IF EXISTS inproceedings_conference;
LOG:  duration: 0.078 ms
LOG:  statement: DROP INDEX IF EXISTS article_journal;
LOG:  duration: 0.058 ms
LOG:  statement: DROP VIEW IF EXISTS publication_author CASCADE;
LOG:  duration: 3.427 ms
LOG:  statement: CREATE VIEW publication_author AS 
	(
	   SELECT pb.pub_id, pb.title, a.author_name
	   FROM publication AS pb, authored AS aed, author AS a
	   WHERE pb.pub_id = aed.pub_id AND aed.author_ID = a.author_ID
	   ORDER BY pb.pub_id
	);
LOG:  duration: 2.548 ms
LOG:  statement: SELECT type, COUNT(*)
	FROM (
	      (
	       SELECT 'book' as type, extract(year from pub_date) as year
	       FROM book
	       )
	      UNION ALL
	      (
	       SELECT 'incollection' as type, extract(year from pub_date) as year
	       FROM incollection
	       )
	      UNION ALL
	      (
	       SELECT 'masters_thesis' as type, extract(year from pub_date) as year
	       FROM masters_thesis
	       )
	      UNION ALL
	      (
	       SELECT 'phd_thesis' as type, extract(year from pub_date) as year
	       FROM phd_thesis
	       )
	      UNION ALL
	      (
	       SELECT 'proceedings' as type, extract(year from pub_date) as year
	       FROM proceedings
	       )
	      UNION ALL
	      (
	       SELECT 'inproceedings' as type, extract(year from pub_date) as year
	       FROM inproceedings
	       )
	      UNION ALL
	      (
	       SELECT 'article' as type, extract(year from pub_date) as year
	       FROM article
	       )
	      ) AS publ_list
	WHERE year BETWEEN 2000 AND 2017
	GROUP BY type
	ORDER BY type;
LOG:  duration: 3924.674 ms
LOG:  statement: DROP VIEW IF EXISTS proceedings_inproceedings CASCADE;
LOG:  duration: 0.729 ms
LOG:  statement: CREATE VIEW proceedings_inproceedings AS (
	    SELECT *
	    FROM proceedings 
	    UNION 
	    SELECT *
	    FROM inproceedings
	);
LOG:  duration: 0.976 ms
LOG:  statement: SELECT *
	FROM (
	      SELECT booktitle, extract(year from pub_date) as year, COUNT(*) AS conferences_count
	      FROM (
	            SELECT *
	            FROM proceedings_inproceedings
	            WHERE extract(month from pub_date) = 7
	            ) AS julyConferences
	      GROUP BY booktitle, year
	      ) AS result_set
	WHERE conferences_count > 200;
LOG:  duration: 743.423 ms
LOG:  statement: DROP VIEW IF EXISTS publication_author CASCADE;
LOG:  duration: 0.519 ms
LOG:  statement: CREATE VIEW publication_author AS 
	(
	   SELECT pb.pub_id, pb.title, pb.pub_date, a.author_name
	   FROM publication AS pb, authored AS aed, author AS a
	   WHERE pb.pub_id = aed.pub_id AND aed.author_id = a.author_id
	   ORDER BY pb.pub_id
	);
LOG:  duration: 0.813 ms
LOG:  statement: SELECT author_name, pub_id, title
	FROM publication_author
	WHERE author_name = 'Liming Chen' AND extract(year from pub_date) = 2015;
LOG:  duration: 1867.963 ms
LOG:  statement: SELECT author_name, pa.pub_id, pa.title
	FROM publication_author pa, proceedings_inproceedings i
	WHERE pa.pub_id = i.pub_id AND author_name = 'Liming Chen' AND extract(year from pa.pub_date) = 2015 AND i.booktitle = 'ICB';
LOG:  duration: 2200.425 ms
LOG:  statement: SELECT *
	FROM (
	      SELECT author_name, booktitle, EXTRACT(YEAR FROM pa.pub_date) AS year, COUNT(*) AS paper_count
	      FROM proceedings_inproceedings AS i
	      JOIN publication_author AS pa
	      ON i.pub_id = pa.pub_id
	      GROUP BY author_name, booktitle, year
	   ) AS result_set
	WHERE author_name = 'Liming Chen' AND year = 2009 AND paper_count > 1 AND booktitle = 'ACIVS';
LOG:  duration: 2077.056 ms
LOG:  statement: DROP VIEW IF EXISTS conf_journal_papers CASCADE;
LOG:  duration: 0.125 ms
LOG:  statement: DROP VIEW IF EXISTS papers_with_authors CASCADE;
LOG:  duration: 0.075 ms
LOG:  statement: CREATE VIEW conf_journal_papers AS (
	   SELECT *
	   FROM (
	      SELECT pub_id, title, pub_date, booktitle AS confjournal
	      FROM proceedings_inproceedings
	   ) AS result_set
	   UNION (
	      SELECT pub_id, title, pub_date, journal AS confjournal
	      FROM article
	   )
	);
LOG:  duration: 2.684 ms
LOG:  statement: CREATE VIEW papers_with_authors AS (
	   SELECT cjp.*, pa.author_name
	   FROM conf_journal_papers cjp, publication_author pa
	   WHERE cjp.pub_id = pa.pub_id
	);
LOG:  duration: 0.899 ms
LOG:  statement: (
	   SELECT DISTINCT author_name
	   FROM papers_with_authors
	   WHERE confjournal SIMILAR TO '%PVLDB%'
	   GROUP BY author_name, confjournal
	   HAVING COUNT(DISTINCT pub_id) > 9
	) INTERSECT (
	   SELECT DISTINCT author_name
	   FROM papers_with_authors
	   WHERE confjournal SIMILAR TO '%SIGMOD%'
	   GROUP BY author_name, confjournal
	   HAVING COUNT(DISTINCT pub_id) > 9
	);
LOG:  duration: 44928.165 ms
LOG:  statement: SELECT DISTINCT pwa1.author_name 
	FROM papers_with_authors pwa1
	WHERE pwa1.author_name IN (
	   SELECT DISTINCT author_name
	   FROM papers_with_authors
	   WHERE confjournal SIMILAR TO '%PVLDB%'
	   GROUP BY author_name, confjournal
	   HAVING COUNT(DISTINCT pub_id) > 14
	) AND pwa1.author_name NOT IN (
	   SELECT DISTINCT author_name
	   FROM papers_with_authors
	   WHERE confjournal SIMILAR TO '%KDD%'
	);
LOG:  duration: 78034.892 ms
LOG:  statement: SELECT *
	INTO yearly_count
	FROM (
	      SELECT extract(year from pub_date) as year, COUNT(*) as paper_count
	      FROM proceedings_inproceedings
	      GROUP BY year
	      ) AS result_set;
LOG:  duration: 3193.896 ms
LOG:  statement: SELECT *
	FROM (
	      (
	       SELECT '1970-1979' AS year_range, SUM(paper_count) as decade_paper_count
	       FROM yearly_count
	       WHERE year BETWEEN 1970 AND 1979
	       GROUP BY year_range
	       )
	      UNION
	      (
	       SELECT '1980-1989' AS year_range, SUM(paper_count) as decade_paper_count
	       FROM yearly_count
	       WHERE year BETWEEN 1980 AND 1989
	       GROUP BY year_range
	       )
	      UNION
	      (
	       SELECT '1990-1999' AS year_range, SUM(paper_count) as decade_paper_count
	       FROM yearly_count
	       WHERE year BETWEEN 1990 AND 1999
	       GROUP BY year_range
	       )
	      UNION
	      (
	       SELECT '2000-2009' AS year_range, SUM(paper_count) as decade_paper_count
	       FROM yearly_count
	       WHERE year BETWEEN 2000 AND 2009
	       GROUP BY year_range
	       )
	      UNION
	      (
	       SELECT '2010-2019' AS year_range, SUM(paper_count) as decade_paper_count
	       FROM yearly_count
	       WHERE year BETWEEN 2010 AND 2019
	       GROUP BY year_range
	       )
	) as result_set
	ORDER BY year_range;
LOG:  duration: 0.903 ms
LOG:  statement: DROP TABLE yearly_count;
LOG:  duration: 0.636 ms
LOG:  statement: DROP VIEW IF EXISTS data_conferences CASCADE;
LOG:  duration: 0.085 ms
LOG:  statement: DROP VIEW IF EXISTS collaborators CASCADE;
LOG:  duration: 0.068 ms
LOG:  statement: DROP VIEW IF EXISTS collaborators_count CASCADE;
LOG:  duration: 0.044 ms
LOG:  statement: CREATE VIEW data_conferences AS 
	(
	   SELECT *
	   FROM papers_with_authors
	   WHERE confjournal SIMILAR TO '%[dD]ata%'
	);
LOG:  duration: 0.729 ms
LOG:  statement: CREATE VIEW collaborators AS
	(
	   SELECT dc1.author_name, dc2.author_name as collaborator
	   FROM data_conferences dc1
	   JOIN data_conferences dc2 ON dc1.pub_id = dc2.pub_id AND NOT dc1.author_name = dc2.author_name
	);
LOG:  duration: 0.644 ms
LOG:  statement: CREATE VIEW collaborators_count AS
	(
	   SELECT author_name, COUNT(DISTINCT collaborator) as collab_count
	   FROM collaborators
	   GROUP BY author_name
	   ORDER BY collab_count DESC
	);
LOG:  duration: 0.786 ms
LOG:  statement: SELECT author_name, collab_count
	FROM collaborators_count
	WHERE collab_count = (SELECT MAX(collab_count) FROM collaborators_count)
	ORDER BY author_name;
LOG:  duration: 97492.581 ms
LOG:  statement: DROP VIEW IF EXISTS data_conferences_5year CASCADE;
LOG:  duration: 0.088 ms
LOG:  statement: CREATE VIEW data_conferences_5year AS (
	    SELECT *
	    FROM papers_with_authors
	    WHERE title SIMILAR TO '%[dD]ata%' AND extract(year from pub_date) BETWEEN 2013 AND 2017
	);
LOG:  duration: 1.085 ms
LOG:  statement: SELECT author_name, COUNT(DISTINCT pub_id) AS pub_count
	FROM data_conferences_5year
	GROUP BY author_name
	ORDER BY pub_count DESC
	LIMIT 10;
LOG:  duration: 26562.984 ms
LOG:  statement: DROP VIEW IF EXISTS valid_conferences CASCADE;
LOG:  duration: 0.648 ms
LOG:  statement: CREATE VIEW valid_conferences AS (
	    SELECT booktitle, extract(year from pub_date) as year, COUNT(*) AS pub_count
	    FROM inproceedings
	    WHERE booktitle in (
	        SELECT DISTINCT booktitle 
	        FROM inproceedings
	        WHERE extract(month from pub_date) = 6
	    )
	    GROUP BY booktitle, year
	);
LOG:  duration: 0.841 ms
LOG:  statement: SELECT DISTINCT booktitle, year, pub_count
	FROM valid_conferences
	WHERE pub_count > 100
	ORDER BY pub_count;
LOG:  duration: 3637.735 ms
LOG:  statement: SELECT *
	INTO h_family
	FROM publication_author pa
	WHERE pa.author_name SIMILAR TO '% H(\.|[a-z]+)';
LOG:  duration: 14357.598 ms
LOG:  statement: SELECT author_name, extract(year from pub_date) as year
	INTO author_year_1988_2017
	FROM h_family
	GROUP BY author_name, year
	HAVING
	    extract(year from pub_date) <= 2017 AND
	    extract(year from pub_date) >= 1988;
LOG:  duration: 1192.865 ms
LOG:  statement: SELECT author_name
	FROM author_year_1988_2017
	GROUP BY author_name
	HAVING
	    MAX(year)=2017 AND
	    MIN(year)=1988 AND
	    count(year)=30;
LOG:  duration: 164.382 ms
LOG:  statement: DROP TABLE h_family;
LOG:  duration: 11.442 ms
LOG:  statement: DROP TABLE author_year_1988_2017;
LOG:  duration: 3.078 ms
LOG:  statement: SELECT author_name
	INTO early_author
	FROM publication_author pa
	WHERE pa.pub_date IN (
	    SELECT MIN(pub_date)
	    FROM publication_author
	)
	GROUP BY author_name;
LOG:  duration: 48668.304 ms
LOG:  statement: SELECT ea.author_id, ea.author_name, count(*) as pub_count
	FROM authored ad, (
	    SELECT a.*
	    FROM author a, early_author ea
	    WHERE a.author_name = ea.author_name
	) as ea
	WHERE ad.author_id = ea.author_id
	GROUP BY ea.author_id, ea.author_name;
LOG:  duration: 1868.159 ms
LOG:  statement: DROP TABLE IF EXISTS early_author;
LOG:  duration: 1.863 ms
LOG:  statement: DROP VIEW IF EXISTS yearly_author_pub_count CASCADE;
LOG:  duration: 0.134 ms
LOG:  statement: CREATE VIEW yearly_author_pub_count AS (
	    SELECT extract(year from pub_date) as year, author_name, COUNT(*) AS pub_count
	    FROM publication_author
	    GROUP BY year, author_name
	    ORDER BY year, COUNT(*) DESC
	);
LOG:  duration: 1.006 ms
LOG:  statement: WITH result AS (
	    SELECT *, ROW_NUMBER() OVER (PARTITION BY year ORDER BY pub_count DESC) AS row
	    FROM yearly_author_pub_count
	)
	SELECT year, author_name, pub_count
	FROM result
	WHERE row = 1;
LOG:  duration: 59687.143 ms
LOG:  received smart shutdown request
LOG:  autovacuum launcher shutting down
LOG:  shutting down
LOG:  database system is shut down
